<?xml version="1.0" encoding="UTF-8" standalone="no"?>
<!DOCTYPE log SYSTEM "logger.dtd">
<log>
<record>
  <date>2022-06-22T07:52:47.339928300Z</date>
  <millis>1655884367339</millis>
  <nanos>928300</nanos>
  <sequence>1</sequence>
  <logger>model.game.Game</logger>
  <level>SEVERE</level>
  <class>model.util.Util</class>
  <method>log</method>
  <thread>1</thread>
  <message>Exception in Application start method</message>
  <exception>
    <message>java.lang.RuntimeException: Exception in Application start method</message>
    <frame>
      <class>com.sun.javafx.application.LauncherImpl</class>
      <method>launchApplication1</method>
      <line>900</line>
    </frame>
    <frame>
      <class>com.sun.javafx.application.LauncherImpl</class>
      <method>lambda$launchApplication$2</method>
      <line>195</line>
    </frame>
    <frame>
      <class>java.lang.Thread</class>
      <method>run</method>
      <line>832</line>
    </frame>
  </exception>
</record>
</log>
